Using pre-set license
Built from '2020.3/staging' branch; Version is '2020.3.4f1 (0abb6314276a) revision 703331'; Using compiler version '192528614'; Build Type 'Release'
OS: 'Windows 10 Home; OS build 19041.985; Version 2004; 64bit' Language: 'en' Physical Memory: 16243 MB
BatchMode: 1, IsHumanControllingUs: 0, StartBugReporterOnCrash: 0, Is64bit: 1, IsPro: 0

 COMMAND LINE ARGUMENTS:
D:\Unity Hub\Versions\2020.3.4f1\Editor\Unity.exe
-adb2
-batchMode
-noUpm
-name
AssetImportWorker0
-projectPath
C:/Namaka/Namaka
-logFile
Logs/AssetImportWorker0.log
-srvPort
52210
Successfully changed project path to: C:/Namaka/Namaka
C:/Namaka/Namaka
Using Asset Import Pipeline V2.
Refreshing native plugins compatible for Editor in 17.83 ms, found 0 plugins.
Preloading 0 native plugins for Editor in 0.00 ms.
Initialize engine version: 2020.3.4f1 (0abb6314276a)
[Subsystems] Discovering subsystems at path D:/Unity Hub/Versions/2020.3.4f1/Editor/Data/Resources/UnitySubsystems
[Subsystems] Discovering subsystems at path C:/Namaka/Namaka/Assets
GfxDevice: creating device client; threaded=0
Direct3D:
    Version:  Direct3D 11.0 [level 11.1]
    Renderer: NVIDIA GeForce GTX 1660 Ti (ID=0x2182)
    Vendor:   
    VRAM:     5991 MB
    Driver:   27.21.14.5671
Initialize mono
Mono path[0] = 'D:/Unity Hub/Versions/2020.3.4f1/Editor/Data/Managed'
Mono path[1] = 'D:/Unity Hub/Versions/2020.3.4f1/Editor/Data/MonoBleedingEdge/lib/mono/unityjit'
Mono config path = 'D:/Unity Hub/Versions/2020.3.4f1/Editor/Data/MonoBleedingEdge/etc'
Using monoOptions --debugger-agent=transport=dt_socket,embedding=1,server=y,suspend=n,address=127.0.0.1:56456
Begin MonoManager ReloadAssembly
Registering precompiled unity dll's ...
Register platform support module: D:/Unity Hub/Versions/2020.3.4f1/Editor/Data/PlaybackEngines/WindowsStandaloneSupport/UnityEditor.WindowsStandalone.Extensions.dll
Registered in 0.000948 seconds.
Native extension for WindowsStandalone target not found
Refreshing native plugins compatible for Editor in 17.78 ms, found 0 plugins.
Preloading 0 native plugins for Editor in 0.00 ms.
Mono: successfully reloaded assembly
- Completed reload, in  0.832 seconds
Platform modules already initialized, skipping
Registering precompiled user dll's ...
Registered in 0.000505 seconds.
Begin MonoManager ReloadAssembly
Native extension for WindowsStandalone target not found
Refreshing native plugins compatible for Editor in 0.17 ms, found 0 plugins.
Preloading 0 native plugins for Editor in 0.00 ms.
Mono: successfully reloaded assembly
- Completed reload, in  0.595 seconds
Platform modules already initialized, skipping
========================================================================
Worker process is ready to serve import requests
Launched and connected shader compiler UnityShaderCompiler.exe after 0.05 seconds
Refreshing native plugins compatible for Editor in 0.19 ms, found 0 plugins.
Preloading 0 native plugins for Editor in 0.00 ms.
Unloading 1114 Unused Serialized files (Serialized files now loaded: 0)
System memory in use before: 56.9 MB.
System memory in use after: 57.0 MB.

Unloading 9 unused Assets to reduce memory usage. Loaded Objects now: 1557.
Total: 1.427000 ms (FindLiveObjects: 0.164900 ms CreateObjectMapping: 0.036900 ms MarkObjects: 1.176000 ms  DeleteObjects: 0.048500 ms)

========================================================================
Received Import Request.
  path: Assets
  artifactKey: Guid(00000000000000001000000000000000) Importer(815301076,1909f56bfc062723c751e8b465ee728b)
Start importing Assets using Guid(00000000000000001000000000000000) Importer(815301076,1909f56bfc062723c751e8b465ee728b)  -> (artifact id: '025e4f587c23674256bb898581e82961') in 0.006178 seconds
  Import took 0.007620 seconds .

========================================================================
Received Prepare
Refreshing native plugins compatible for Editor in 0.57 ms, found 0 plugins.
Preloading 0 native plugins for Editor in 0.00 ms.
Unloading 3 Unused Serialized files (Serialized files now loaded: 0)
System memory in use before: 34.8 MB.
System memory in use after: 34.9 MB.

Unloading 2 unused Assets to reduce memory usage. Loaded Objects now: 1557.
Total: 1.276200 ms (FindLiveObjects: 0.144200 ms CreateObjectMapping: 0.035100 ms MarkObjects: 1.088000 ms  DeleteObjects: 0.008000 ms)

========================================================================
Received Import Request.
  Time since last request: 5.405914 seconds.
  path: Assets/Materals
  artifactKey: Guid(baaee7f4591867841b909fe49a6a4bb9) Importer(815301076,1909f56bfc062723c751e8b465ee728b)
Start importing Assets/Materals using Guid(baaee7f4591867841b909fe49a6a4bb9) Importer(815301076,1909f56bfc062723c751e8b465ee728b)  -> (artifact id: 'e82c0fc72e3dfdfa5f2cae10c334bb31') in 0.004822 seconds
  Import took 0.006269 seconds .

========================================================================
Received Import Request.
  Time since last request: 5.889003 seconds.
  path: Assets/Materals/New Material.mat
  artifactKey: Guid(76184538121706441a2f7981b28f242b) Importer(815301076,1909f56bfc062723c751e8b465ee728b)
Start importing Assets/Materals/New Material.mat using Guid(76184538121706441a2f7981b28f242b) Importer(815301076,1909f56bfc062723c751e8b465ee728b)  -> (artifact id: '4b951904d84900dd0f70d18dc347abd5') in 0.094768 seconds
  Import took 0.096281 seconds .

========================================================================
Received Prepare
Registering precompiled user dll's ...
Registered in 0.000493 seconds.
Begin MonoManager ReloadAssembly
Native extension for WindowsStandalone target not found
Refreshing native plugins compatible for Editor in 0.18 ms, found 0 plugins.
Preloading 0 native plugins for Editor in 0.00 ms.
Mono: successfully reloaded assembly
- Completed reload, in  0.560 seconds
Platform modules already initialized, skipping
Refreshing native plugins compatible for Editor in 0.18 ms, found 0 plugins.
Preloading 0 native plugins for Editor in 0.00 ms.
Unloading 1109 Unused Serialized files (Serialized files now loaded: 0)
System memory in use before: 60.2 MB.
System memory in use after: 60.3 MB.

Unloading 4 unused Assets to reduce memory usage. Loaded Objects now: 1600.
Total: 1.171700 ms (FindLiveObjects: 0.111700 ms CreateObjectMapping: 0.027000 ms MarkObjects: 1.023200 ms  DeleteObjects: 0.009000 ms)

========================================================================
Received Import Request.
  Time since last request: 91.406804 seconds.
  path: Assets/Scripts
  artifactKey: Guid(afaac6287435d10488d0e74bfa1cd405) Importer(815301076,1909f56bfc062723c751e8b465ee728b)
Start importing Assets/Scripts using Guid(afaac6287435d10488d0e74bfa1cd405) Importer(815301076,1909f56bfc062723c751e8b465ee728b)  -> (artifact id: 'ce8d4b28a934b5e54962d16115927ae8') in 0.006494 seconds
  Import took 0.008064 seconds .

========================================================================
Received Import Request.
  Time since last request: 8.765308 seconds.
  path: Assets/Scripts/Player
  artifactKey: Guid(eb4a670248db8c14b918e19e6b0a0952) Importer(815301076,1909f56bfc062723c751e8b465ee728b)
Start importing Assets/Scripts/Player using Guid(eb4a670248db8c14b918e19e6b0a0952) Importer(815301076,1909f56bfc062723c751e8b465ee728b)  -> (artifact id: '7e9adc005e81fde9d20cc199f6aa4909') in 0.004715 seconds
  Import took 0.006232 seconds .

========================================================================
Received Import Request.
  Time since last request: 9.888013 seconds.
  path: Assets/Scripts/Player/PlayerMovement.cs
  artifactKey: Guid(8700e49b9ff9132439e3de9a355b47d2) Importer(815301076,1909f56bfc062723c751e8b465ee728b)
Start importing Assets/Scripts/Player/PlayerMovement.cs using Guid(8700e49b9ff9132439e3de9a355b47d2) Importer(815301076,1909f56bfc062723c751e8b465ee728b)  -> (artifact id: '90da2b0e82c45fd80ef7b8f70d87ef27') in 0.010290 seconds
  Import took 0.011810 seconds .

========================================================================
Received Import Request.
  Time since last request: 0.001429 seconds.
  path: Assets/Scripts/Player/PlayerMovement.cs
  artifactKey: Guid(8700e49b9ff9132439e3de9a355b47d2) Importer(815301076,1909f56bfc062723c751e8b465ee728b)
Start importing Assets/Scripts/Player/PlayerMovement.cs using Guid(8700e49b9ff9132439e3de9a355b47d2) Importer(815301076,1909f56bfc062723c751e8b465ee728b)  -> (artifact id: '90da2b0e82c45fd80ef7b8f70d87ef27') in 0.001453 seconds
  Import took 0.002877 seconds .

========================================================================
Received Prepare
Registering precompiled user dll's ...
Registered in 0.000576 seconds.
Begin MonoManager ReloadAssembly
Native extension for WindowsStandalone target not found
Refreshing native plugins compatible for Editor in 0.18 ms, found 0 plugins.
Preloading 0 native plugins for Editor in 0.00 ms.
Mono: successfully reloaded assembly
- Completed reload, in  0.607 seconds
Platform modules already initialized, skipping
Refreshing native plugins compatible for Editor in 0.18 ms, found 0 plugins.
Preloading 0 native plugins for Editor in 0.00 ms.
Unloading 1110 Unused Serialized files (Serialized files now loaded: 0)
System memory in use before: 60.3 MB.
System memory in use after: 60.4 MB.

Unloading 4 unused Assets to reduce memory usage. Loaded Objects now: 1604.
Total: 1.289500 ms (FindLiveObjects: 0.131200 ms CreateObjectMapping: 0.032300 ms MarkObjects: 1.112200 ms  DeleteObjects: 0.012900 ms)

========================================================================
Received Prepare
Registering precompiled user dll's ...
Registered in 0.000510 seconds.
Begin MonoManager ReloadAssembly
Native extension for WindowsStandalone target not found
Refreshing native plugins compatible for Editor in 0.18 ms, found 0 plugins.
Preloading 0 native plugins for Editor in 0.00 ms.
Mono: successfully reloaded assembly
- Completed reload, in  0.597 seconds
Platform modules already initialized, skipping
Refreshing native plugins compatible for Editor in 0.17 ms, found 0 plugins.
Preloading 0 native plugins for Editor in 0.00 ms.
Unloading 1110 Unused Serialized files (Serialized files now loaded: 0)
System memory in use before: 60.3 MB.
System memory in use after: 60.4 MB.

Unloading 4 unused Assets to reduce memory usage. Loaded Objects now: 1607.
Total: 1.330900 ms (FindLiveObjects: 0.123700 ms CreateObjectMapping: 0.029200 ms MarkObjects: 1.166200 ms  DeleteObjects: 0.011100 ms)

========================================================================
Received Import Request.
  Time since last request: 21.896095 seconds.
  path: Assets/Scripts/Player/PlayerMovement.cs
  artifactKey: Guid(8700e49b9ff9132439e3de9a355b47d2) Importer(815301076,1909f56bfc062723c751e8b465ee728b)
Start importing Assets/Scripts/Player/PlayerMovement.cs using Guid(8700e49b9ff9132439e3de9a355b47d2) Importer(815301076,1909f56bfc062723c751e8b465ee728b)  -> (artifact id: '0292d5aa0390870ba4ece9b0a0d88ce7') in 0.002943 seconds
  Import took 0.004399 seconds .

========================================================================
Received Prepare
Registering precompiled user dll's ...
Registered in 0.000556 seconds.
Begin MonoManager ReloadAssembly
Native extension for WindowsStandalone target not found
Refreshing native plugins compatible for Editor in 0.18 ms, found 0 plugins.
Preloading 0 native plugins for Editor in 0.00 ms.
Mono: successfully reloaded assembly
- Completed reload, in  0.559 seconds
Platform modules already initialized, skipping
Refreshing native plugins compatible for Editor in 0.27 ms, found 0 plugins.
Preloading 0 native plugins for Editor in 0.00 ms.
Unloading 1110 Unused Serialized files (Serialized files now loaded: 0)
System memory in use before: 60.3 MB.
System memory in use after: 60.4 MB.

Unloading 4 unused Assets to reduce memory usage. Loaded Objects now: 1610.
Total: 1.433300 ms (FindLiveObjects: 0.144600 ms CreateObjectMapping: 0.035100 ms MarkObjects: 1.240100 ms  DeleteObjects: 0.012600 ms)

========================================================================
Received Prepare
Registering precompiled user dll's ...
Registered in 0.000555 seconds.
Begin MonoManager ReloadAssembly
Native extension for WindowsStandalone target not found
Refreshing native plugins compatible for Editor in 0.19 ms, found 0 plugins.
Preloading 0 native plugins for Editor in 0.00 ms.
Mono: successfully reloaded assembly
- Completed reload, in  0.580 seconds
Platform modules already initialized, skipping
Refreshing native plugins compatible for Editor in 0.18 ms, found 0 plugins.
Preloading 0 native plugins for Editor in 0.00 ms.
Unloading 1110 Unused Serialized files (Serialized files now loaded: 0)
System memory in use before: 60.3 MB.
System memory in use after: 60.4 MB.

Unloading 4 unused Assets to reduce memory usage. Loaded Objects now: 1613.
Total: 1.290900 ms (FindLiveObjects: 0.124400 ms CreateObjectMapping: 0.031600 ms MarkObjects: 1.122900 ms  DeleteObjects: 0.011200 ms)

========================================================================
Received Prepare
Registering precompiled user dll's ...
Registered in 0.000464 seconds.
Begin MonoManager ReloadAssembly
Native extension for WindowsStandalone target not found
Refreshing native plugins compatible for Editor in 0.26 ms, found 0 plugins.
Preloading 0 native plugins for Editor in 0.00 ms.
Mono: successfully reloaded assembly
- Completed reload, in  0.586 seconds
Platform modules already initialized, skipping
Refreshing native plugins compatible for Editor in 0.17 ms, found 0 plugins.
Preloading 0 native plugins for Editor in 0.00 ms.
Unloading 1110 Unused Serialized files (Serialized files now loaded: 0)
System memory in use before: 60.3 MB.
System memory in use after: 60.4 MB.

Unloading 4 unused Assets to reduce memory usage. Loaded Objects now: 1616.
Total: 1.322100 ms (FindLiveObjects: 0.146200 ms CreateObjectMapping: 0.034600 ms MarkObjects: 1.129400 ms  DeleteObjects: 0.010900 ms)

========================================================================
Received Prepare
Registering precompiled user dll's ...
Registered in 0.000501 seconds.
Begin MonoManager ReloadAssembly
Native extension for WindowsStandalone target not found
Refreshing native plugins compatible for Editor in 0.23 ms, found 0 plugins.
Preloading 0 native plugins for Editor in 0.00 ms.
Mono: successfully reloaded assembly
- Completed reload, in  0.585 seconds
Platform modules already initialized, skipping
Refreshing native plugins compatible for Editor in 0.17 ms, found 0 plugins.
Preloading 0 native plugins for Editor in 0.00 ms.
Unloading 1110 Unused Serialized files (Serialized files now loaded: 0)
System memory in use before: 60.3 MB.
System memory in use after: 60.4 MB.

Unloading 4 unused Assets to reduce memory usage. Loaded Objects now: 1619.
Total: 1.410200 ms (FindLiveObjects: 0.138400 ms CreateObjectMapping: 0.034000 ms MarkObjects: 1.218500 ms  DeleteObjects: 0.018500 ms)

========================================================================
Received Prepare
Registering precompiled user dll's ...
Registered in 0.000534 seconds.
Begin MonoManager ReloadAssembly
Native extension for WindowsStandalone target not found
Refreshing native plugins compatible for Editor in 0.24 ms, found 0 plugins.
Preloading 0 native plugins for Editor in 0.00 ms.
Mono: successfully reloaded assembly
- Completed reload, in  0.603 seconds
Platform modules already initialized, skipping
Refreshing native plugins compatible for Editor in 0.28 ms, found 0 plugins.
Preloading 0 native plugins for Editor in 0.00 ms.
Unloading 1110 Unused Serialized files (Serialized files now loaded: 0)
System memory in use before: 60.3 MB.
System memory in use after: 60.4 MB.

Unloading 4 unused Assets to reduce memory usage. Loaded Objects now: 1622.
Total: 1.236200 ms (FindLiveObjects: 0.151500 ms CreateObjectMapping: 0.037400 ms MarkObjects: 1.035900 ms  DeleteObjects: 0.010500 ms)

========================================================================
Received Import Request.
  Time since last request: 796.749051 seconds.
  path: Assets/Materals/New Material.mat
  artifactKey: Guid(76184538121706441a2f7981b28f242b) Importer(815301076,1909f56bfc062723c751e8b465ee728b)
Start importing Assets/Materals/New Material.mat using Guid(76184538121706441a2f7981b28f242b) Importer(815301076,1909f56bfc062723c751e8b465ee728b)  -> (artifact id: 'cd466307606d290c24432e0518e65d0f') in 0.046854 seconds
  Import took 0.048520 seconds .

