Using pre-set license
Built from '2020.3/staging' branch; Version is '2020.3.4f1 (0abb6314276a) revision 703331'; Using compiler version '192528614'; Build Type 'Release'
OS: 'Windows 10 Home; OS build 19041.985; Version 2004; 64bit' Language: 'en' Physical Memory: 16243 MB
BatchMode: 1, IsHumanControllingUs: 0, StartBugReporterOnCrash: 0, Is64bit: 1, IsPro: 0

 COMMAND LINE ARGUMENTS:
D:\Unity Hub\Versions\2020.3.4f1\Editor\Unity.exe
-adb2
-batchMode
-noUpm
-name
AssetImportWorker0
-projectPath
C:/Namaka/NamakaGit/GitProject/Namaka/Namaka
-logFile
Logs/AssetImportWorker0.log
-srvPort
53030
Successfully changed project path to: C:/Namaka/NamakaGit/GitProject/Namaka/Namaka
C:/Namaka/NamakaGit/GitProject/Namaka/Namaka
Using Asset Import Pipeline V2.
Refreshing native plugins compatible for Editor in 18.02 ms, found 0 plugins.
Preloading 0 native plugins for Editor in 0.00 ms.
Initialize engine version: 2020.3.4f1 (0abb6314276a)
[Subsystems] Discovering subsystems at path D:/Unity Hub/Versions/2020.3.4f1/Editor/Data/Resources/UnitySubsystems
[Subsystems] Discovering subsystems at path C:/Namaka/NamakaGit/GitProject/Namaka/Namaka/Assets
GfxDevice: creating device client; threaded=0
Direct3D:
    Version:  Direct3D 11.0 [level 11.1]
    Renderer: NVIDIA GeForce GTX 1660 Ti (ID=0x2182)
    Vendor:   
    VRAM:     5991 MB
    Driver:   27.21.14.5671
Initialize mono
Mono path[0] = 'D:/Unity Hub/Versions/2020.3.4f1/Editor/Data/Managed'
Mono path[1] = 'D:/Unity Hub/Versions/2020.3.4f1/Editor/Data/MonoBleedingEdge/lib/mono/unityjit'
Mono config path = 'D:/Unity Hub/Versions/2020.3.4f1/Editor/Data/MonoBleedingEdge/etc'
Using monoOptions --debugger-agent=transport=dt_socket,embedding=1,server=y,suspend=n,address=127.0.0.1:56836
Begin MonoManager ReloadAssembly
Registering precompiled unity dll's ...
Register platform support module: D:/Unity Hub/Versions/2020.3.4f1/Editor/Data/PlaybackEngines/WindowsStandaloneSupport/UnityEditor.WindowsStandalone.Extensions.dll
Registered in 0.000855 seconds.
Native extension for WindowsStandalone target not found
Refreshing native plugins compatible for Editor in 18.21 ms, found 0 plugins.
Preloading 0 native plugins for Editor in 0.00 ms.
Mono: successfully reloaded assembly
- Completed reload, in  0.810 seconds
Platform modules already initialized, skipping
Registering precompiled user dll's ...
Registered in 0.000511 seconds.
Begin MonoManager ReloadAssembly
Native extension for WindowsStandalone target not found
Refreshing native plugins compatible for Editor in 0.18 ms, found 0 plugins.
Preloading 0 native plugins for Editor in 0.00 ms.
Mono: successfully reloaded assembly
- Completed reload, in  0.636 seconds
Platform modules already initialized, skipping
========================================================================
Worker process is ready to serve import requests
Launched and connected shader compiler UnityShaderCompiler.exe after 0.03 seconds
Refreshing native plugins compatible for Editor in 0.17 ms, found 0 plugins.
Preloading 0 native plugins for Editor in 0.00 ms.
Unloading 1115 Unused Serialized files (Serialized files now loaded: 0)
System memory in use before: 57.0 MB.
System memory in use after: 57.1 MB.

Unloading 9 unused Assets to reduce memory usage. Loaded Objects now: 1558.
Total: 1.602200 ms (FindLiveObjects: 0.104200 ms CreateObjectMapping: 0.027400 ms MarkObjects: 1.422300 ms  DeleteObjects: 0.047200 ms)

========================================================================
Received Import Request.
  path: Assets/Directional Light.controller
  artifactKey: Guid(1e8c343fe78707941bab15defc9c0edd) Importer(815301076,1909f56bfc062723c751e8b465ee728b)
Start importing Assets/Directional Light.controller using Guid(1e8c343fe78707941bab15defc9c0edd) Importer(815301076,1909f56bfc062723c751e8b465ee728b)  -> (artifact id: 'acc07385f3d4e7f5795ac0bba1107446') in 0.033083 seconds
  Import took 0.035988 seconds .

========================================================================
Received Prepare
Registering precompiled user dll's ...
Registered in 0.000513 seconds.
Begin MonoManager ReloadAssembly
Native extension for WindowsStandalone target not found
Refreshing native plugins compatible for Editor in 0.22 ms, found 0 plugins.
Preloading 0 native plugins for Editor in 0.00 ms.
Mono: successfully reloaded assembly
- Completed reload, in  0.607 seconds
Platform modules already initialized, skipping
Refreshing native plugins compatible for Editor in 0.21 ms, found 0 plugins.
Preloading 0 native plugins for Editor in 0.00 ms.
Unloading 1110 Unused Serialized files (Serialized files now loaded: 0)
System memory in use before: 56.9 MB.
System memory in use after: 57.0 MB.

Unloading 4 unused Assets to reduce memory usage. Loaded Objects now: 1561.
Total: 1.413400 ms (FindLiveObjects: 0.169000 ms CreateObjectMapping: 0.047700 ms MarkObjects: 1.184500 ms  DeleteObjects: 0.011300 ms)

========================================================================
Received Prepare
Registering precompiled user dll's ...
Registered in 0.000503 seconds.
Begin MonoManager ReloadAssembly
Native extension for WindowsStandalone target not found
Refreshing native plugins compatible for Editor in 0.21 ms, found 0 plugins.
Preloading 0 native plugins for Editor in 0.00 ms.
Mono: successfully reloaded assembly
- Completed reload, in  0.613 seconds
Platform modules already initialized, skipping
Refreshing native plugins compatible for Editor in 0.17 ms, found 0 plugins.
Preloading 0 native plugins for Editor in 0.00 ms.
Unloading 1110 Unused Serialized files (Serialized files now loaded: 0)
System memory in use before: 57.0 MB.
System memory in use after: 57.1 MB.

Unloading 4 unused Assets to reduce memory usage. Loaded Objects now: 1564.
Total: 1.271800 ms (FindLiveObjects: 0.124900 ms CreateObjectMapping: 0.036400 ms MarkObjects: 1.099400 ms  DeleteObjects: 0.010100 ms)

========================================================================
Received Import Request.
  Time since last request: 671.324268 seconds.
  path: Assets/New Terrain.asset
  artifactKey: Guid(81a3a93e0f05e0142b8732f615e09d63) Importer(815301076,1909f56bfc062723c751e8b465ee728b)
Start importing Assets/New Terrain.asset using Guid(81a3a93e0f05e0142b8732f615e09d63) Importer(815301076,1909f56bfc062723c751e8b465ee728b)  -> (artifact id: '421ba283e77542a3a18ca73ffedc9d3b') in 0.019346 seconds
  Import took 0.020878 seconds .

========================================================================
Received Prepare
Registering precompiled user dll's ...
Registered in 0.000522 seconds.
Begin MonoManager ReloadAssembly
Native extension for WindowsStandalone target not found
Refreshing native plugins compatible for Editor in 0.17 ms, found 0 plugins.
Preloading 0 native plugins for Editor in 0.00 ms.
Mono: successfully reloaded assembly
- Completed reload, in  0.582 seconds
Platform modules already initialized, skipping
Refreshing native plugins compatible for Editor in 0.18 ms, found 0 plugins.
Preloading 0 native plugins for Editor in 0.00 ms.
Unloading 1110 Unused Serialized files (Serialized files now loaded: 0)
System memory in use before: 57.8 MB.
System memory in use after: 57.4 MB.

Unloading 6 unused Assets to reduce memory usage. Loaded Objects now: 1568.
Total: 1.621000 ms (FindLiveObjects: 0.146300 ms CreateObjectMapping: 0.033500 ms MarkObjects: 1.122400 ms  DeleteObjects: 0.317800 ms)

========================================================================
Received Import Request.
  Time since last request: 960.418808 seconds.
  path: Packages/com.unity.collab-proxy/Editor/Assets/Layouts/AlertBox.uxml
  artifactKey: Guid(13d7e179675caff4293e8d5c7fb1dda8) Importer(815301076,1909f56bfc062723c751e8b465ee728b)
Start importing Packages/com.unity.collab-proxy/Editor/Assets/Layouts/AlertBox.uxml using Guid(13d7e179675caff4293e8d5c7fb1dda8) Importer(815301076,1909f56bfc062723c751e8b465ee728b)  -> (artifact id: 'ccf4d9d0a1317aa4543db8fefa5c077f') in 0.020823 seconds
  Import took 0.022344 seconds .

========================================================================
Received Import Request.
  Time since last request: 0.000200 seconds.
  path: Packages/com.unity.collab-proxy/Editor/Assets/Styles/AlertBox.uss
  artifactKey: Guid(85516056fd2579c45b10c08bc3c52a08) Importer(815301076,1909f56bfc062723c751e8b465ee728b)
Start importing Packages/com.unity.collab-proxy/Editor/Assets/Styles/AlertBox.uss using Guid(85516056fd2579c45b10c08bc3c52a08) Importer(815301076,1909f56bfc062723c751e8b465ee728b)  -> (artifact id: '63f344bad84e544b87c283c32d35a405') in 0.004806 seconds
  Import took 0.006217 seconds .

========================================================================
Received Prepare
Registering precompiled user dll's ...
Registered in 0.000483 seconds.
Begin MonoManager ReloadAssembly
Native extension for WindowsStandalone target not found
Refreshing native plugins compatible for Editor in 0.18 ms, found 0 plugins.
Preloading 0 native plugins for Editor in 0.00 ms.
Mono: successfully reloaded assembly
- Completed reload, in  0.565 seconds
Platform modules already initialized, skipping
Refreshing native plugins compatible for Editor in 0.19 ms, found 0 plugins.
Preloading 0 native plugins for Editor in 0.00 ms.
Unloading 1110 Unused Serialized files (Serialized files now loaded: 0)
System memory in use before: 57.3 MB.
System memory in use after: 57.4 MB.

Unloading 4 unused Assets to reduce memory usage. Loaded Objects now: 1571.
Total: 1.294800 ms (FindLiveObjects: 0.110600 ms CreateObjectMapping: 0.028000 ms MarkObjects: 1.145100 ms  DeleteObjects: 0.010300 ms)

========================================================================
Received Import Request.
  Time since last request: 293.612936 seconds.
  path: Assets/New Material.mat
  artifactKey: Guid(e1fbcbf67164c5c48a02c560b372ff59) Importer(815301076,1909f56bfc062723c751e8b465ee728b)
Start importing Assets/New Material.mat using Guid(e1fbcbf67164c5c48a02c560b372ff59) Importer(815301076,1909f56bfc062723c751e8b465ee728b)  -> (artifact id: '45fb9e3409d9892c88e4e1ebf3ea9386') in 0.069535 seconds
  Import took 0.071229 seconds .

========================================================================
Received Import Request.
  Time since last request: 5.236711 seconds.
  path: Assets/SunSpin.anim
  artifactKey: Guid(ec30dc452689e0441a7de6af60c27301) Importer(815301076,1909f56bfc062723c751e8b465ee728b)
Start importing Assets/SunSpin.anim using Guid(ec30dc452689e0441a7de6af60c27301) Importer(815301076,1909f56bfc062723c751e8b465ee728b)  -> (artifact id: '4e9b1c1af9ed8a7284ef21af71fcb765') in 0.006866 seconds
  Import took 0.008476 seconds .

========================================================================
Received Import Request.
  Time since last request: 0.000851 seconds.
  path: Assets/SunSpin.anim
  artifactKey: Guid(ec30dc452689e0441a7de6af60c27301) Importer(815301076,1909f56bfc062723c751e8b465ee728b)
Start importing Assets/SunSpin.anim using Guid(ec30dc452689e0441a7de6af60c27301) Importer(815301076,1909f56bfc062723c751e8b465ee728b)  -> (artifact id: '4e9b1c1af9ed8a7284ef21af71fcb765') in 0.001821 seconds
  Import took 0.003327 seconds .

========================================================================
Received Prepare
Registering precompiled user dll's ...
Registered in 0.000507 seconds.
Begin MonoManager ReloadAssembly
Native extension for WindowsStandalone target not found
Refreshing native plugins compatible for Editor in 0.18 ms, found 0 plugins.
Preloading 0 native plugins for Editor in 0.00 ms.
Mono: successfully reloaded assembly
- Completed reload, in  0.567 seconds
Platform modules already initialized, skipping
Refreshing native plugins compatible for Editor in 0.17 ms, found 0 plugins.
Preloading 0 native plugins for Editor in 0.00 ms.
Unloading 1110 Unused Serialized files (Serialized files now loaded: 0)
System memory in use before: 60.7 MB.
System memory in use after: 60.8 MB.

Unloading 4 unused Assets to reduce memory usage. Loaded Objects now: 1614.
Total: 1.226400 ms (FindLiveObjects: 0.121400 ms CreateObjectMapping: 0.031300 ms MarkObjects: 1.062300 ms  DeleteObjects: 0.010700 ms)

========================================================================
Received Prepare
Registering precompiled user dll's ...
Registered in 0.003064 seconds.
Begin MonoManager ReloadAssembly
Native extension for WindowsStandalone target not found
Refreshing native plugins compatible for Editor in 0.20 ms, found 0 plugins.
Preloading 0 native plugins for Editor in 0.00 ms.
[ScriptCompilation] NOT recompiling all scripts because this is an import worker process. Reason to compile was: Define symbols changed
Mono: successfully reloaded assembly
- Completed reload, in  0.585 seconds
Platform modules already initialized, skipping
Refreshing native plugins compatible for Editor in 0.19 ms, found 0 plugins.
Preloading 0 native plugins for Editor in 0.00 ms.
Unloading 1230 Unused Serialized files (Serialized files now loaded: 0)
System memory in use before: 68.4 MB.
System memory in use after: 66.5 MB.

Unloading 31 unused Assets to reduce memory usage. Loaded Objects now: 1710.
Total: 2.005100 ms (FindLiveObjects: 0.160400 ms CreateObjectMapping: 0.040300 ms MarkObjects: 1.290200 ms  DeleteObjects: 0.513100 ms)

========================================================================
Received Import Request.
  Time since last request: 3228.229741 seconds.
  path: Assets/Materals/Skybox.mat
  artifactKey: Guid(e1fbcbf67164c5c48a02c560b372ff59) Importer(815301076,1909f56bfc062723c751e8b465ee728b)
Start importing Assets/Materals/Skybox.mat using Guid(e1fbcbf67164c5c48a02c560b372ff59) Importer(815301076,1909f56bfc062723c751e8b465ee728b)  -> (artifact id: '5ec9ca20dbeb7564ca5da31586e9ecb6') in 0.049400 seconds
  Import took 0.051123 seconds .

========================================================================
Received Prepare
Registering precompiled user dll's ...
Registered in 0.000599 seconds.
Begin MonoManager ReloadAssembly
Native extension for WindowsStandalone target not found
Refreshing native plugins compatible for Editor in 0.19 ms, found 0 plugins.
Preloading 0 native plugins for Editor in 0.00 ms.
Mono: successfully reloaded assembly
- Completed reload, in  0.616 seconds
Platform modules already initialized, skipping
Refreshing native plugins compatible for Editor in 0.24 ms, found 0 plugins.
Preloading 0 native plugins for Editor in 0.00 ms.
Unloading 1230 Unused Serialized files (Serialized files now loaded: 0)
System memory in use before: 68.5 MB.
System memory in use after: 66.5 MB.

Unloading 31 unused Assets to reduce memory usage. Loaded Objects now: 1714.
Total: 1.827900 ms (FindLiveObjects: 0.156200 ms CreateObjectMapping: 0.037100 ms MarkObjects: 1.105600 ms  DeleteObjects: 0.527900 ms)

========================================================================
Received Import Request.
  Time since last request: 109.765324 seconds.
  path: Assets/New Terrain.asset
  artifactKey: Guid(81a3a93e0f05e0142b8732f615e09d63) Importer(815301076,1909f56bfc062723c751e8b465ee728b)
Start importing Assets/New Terrain.asset using Guid(81a3a93e0f05e0142b8732f615e09d63) Importer(815301076,1909f56bfc062723c751e8b465ee728b)  -> (artifact id: '35871bcd143cc1eb0424ff669f4a6024') in 0.016687 seconds
  Import took 0.020033 seconds .

========================================================================
Received Import Request.
  Time since last request: 0.002507 seconds.
  path: Assets/New Terrain.asset
  artifactKey: Guid(81a3a93e0f05e0142b8732f615e09d63) Importer(815301076,1909f56bfc062723c751e8b465ee728b)
Start importing Assets/New Terrain.asset using Guid(81a3a93e0f05e0142b8732f615e09d63) Importer(815301076,1909f56bfc062723c751e8b465ee728b)  -> (artifact id: '35871bcd143cc1eb0424ff669f4a6024') in 0.006276 seconds
  Import took 0.008156 seconds .

========================================================================
Received Prepare
Registering precompiled user dll's ...
Registered in 0.000543 seconds.
Begin MonoManager ReloadAssembly
Native extension for WindowsStandalone target not found
Refreshing native plugins compatible for Editor in 0.20 ms, found 0 plugins.
Preloading 0 native plugins for Editor in 0.00 ms.
Mono: successfully reloaded assembly
- Completed reload, in  0.577 seconds
Platform modules already initialized, skipping
Refreshing native plugins compatible for Editor in 0.19 ms, found 0 plugins.
Preloading 0 native plugins for Editor in 0.00 ms.
Unloading 1230 Unused Serialized files (Serialized files now loaded: 0)
System memory in use before: 69.0 MB.
System memory in use after: 66.5 MB.

Unloading 33 unused Assets to reduce memory usage. Loaded Objects now: 1717.
Total: 2.165900 ms (FindLiveObjects: 0.126100 ms CreateObjectMapping: 0.030600 ms MarkObjects: 1.197200 ms  DeleteObjects: 0.811100 ms)

========================================================================
Received Import Request.
  Time since last request: 224.831796 seconds.
  path: ProjectSettings/TagManager.asset
  artifactKey: Guid(00000000000000003000000000000000) Importer(815301076,1909f56bfc062723c751e8b465ee728b)
Start importing ProjectSettings/TagManager.asset using Guid(00000000000000003000000000000000) Importer(815301076,1909f56bfc062723c751e8b465ee728b)  -> (artifact id: '5cdd425f01cf626211dd37e1af0dc49e') in 0.012406 seconds
  Import took 0.014456 seconds .

========================================================================
Received Prepare
Registering precompiled user dll's ...
Registered in 0.000570 seconds.
Begin MonoManager ReloadAssembly
Native extension for WindowsStandalone target not found
Refreshing native plugins compatible for Editor in 0.20 ms, found 0 plugins.
Preloading 0 native plugins for Editor in 0.00 ms.
Mono: successfully reloaded assembly
- Completed reload, in  0.627 seconds
Platform modules already initialized, skipping
Refreshing native plugins compatible for Editor in 0.24 ms, found 0 plugins.
Preloading 0 native plugins for Editor in 0.00 ms.
Unloading 1230 Unused Serialized files (Serialized files now loaded: 0)
System memory in use before: 68.5 MB.
System memory in use after: 66.5 MB.

Unloading 32 unused Assets to reduce memory usage. Loaded Objects now: 1720.
Total: 2.017600 ms (FindLiveObjects: 0.155500 ms CreateObjectMapping: 0.041800 ms MarkObjects: 1.188600 ms  DeleteObjects: 0.630700 ms)

========================================================================
Received Prepare
Refreshing native plugins compatible for Editor in 0.60 ms, found 0 plugins.
Preloading 0 native plugins for Editor in 0.00 ms.
Unloading 30 Unused Serialized files (Serialized files now loaded: 0)
System memory in use before: 44.6 MB.
System memory in use after: 42.7 MB.

Unloading 29 unused Assets to reduce memory usage. Loaded Objects now: 1720.
Total: 2.114000 ms (FindLiveObjects: 0.132600 ms CreateObjectMapping: 0.033500 ms MarkObjects: 1.331200 ms  DeleteObjects: 0.615600 ms)

AssetImportParameters requested are different than current active one (requested -> active):
  colorSpace: 1 -> 0
========================================================================
Received Prepare
Registering precompiled user dll's ...
Registered in 0.000521 seconds.
Begin MonoManager ReloadAssembly
Native extension for WindowsStandalone target not found
Refreshing native plugins compatible for Editor in 0.21 ms, found 0 plugins.
Preloading 0 native plugins for Editor in 0.00 ms.
Mono: successfully reloaded assembly
- Completed reload, in  0.606 seconds
Platform modules already initialized, skipping
Refreshing native plugins compatible for Editor in 0.24 ms, found 0 plugins.
Preloading 0 native plugins for Editor in 0.00 ms.
Unloading 1230 Unused Serialized files (Serialized files now loaded: 0)
System memory in use before: 68.5 MB.
System memory in use after: 66.5 MB.

Unloading 31 unused Assets to reduce memory usage. Loaded Objects now: 1723.
Total: 1.977500 ms (FindLiveObjects: 0.144700 ms CreateObjectMapping: 0.100400 ms MarkObjects: 1.172200 ms  DeleteObjects: 0.559300 ms)

AssetImportParameters requested are different than current active one (requested -> active):
  colorSpace: 1 -> 0
========================================================================
Received Prepare
Registering precompiled user dll's ...
Registered in 0.000592 seconds.
Begin MonoManager ReloadAssembly
Native extension for WindowsStandalone target not found
Refreshing native plugins compatible for Editor in 0.20 ms, found 0 plugins.
Preloading 0 native plugins for Editor in 0.00 ms.
Mono: successfully reloaded assembly
- Completed reload, in  0.567 seconds
Platform modules already initialized, skipping
Refreshing native plugins compatible for Editor in 0.19 ms, found 0 plugins.
Preloading 0 native plugins for Editor in 0.00 ms.
Unloading 1230 Unused Serialized files (Serialized files now loaded: 0)
System memory in use before: 68.5 MB.
System memory in use after: 66.5 MB.

Unloading 31 unused Assets to reduce memory usage. Loaded Objects now: 1726.
Total: 1.880200 ms (FindLiveObjects: 0.139300 ms CreateObjectMapping: 0.034300 ms MarkObjects: 1.153800 ms  DeleteObjects: 0.551900 ms)

